<?xml version="1.0" encoding="UTF-8"?>
<coverage generated="1621704692720" clover="3.2.0">
  <project timestamp="1621704692720" name="All files">
    <metrics statements="28" coveredstatements="11" conditionals="20" coveredconditionals="14" methods="11" coveredmethods="4" elements="59" coveredelements="29" complexity="0" loc="28" ncloc="28" packages="7" files="10" classes="10"/>
    <package name="@types">
      <metrics statements="0" coveredstatements="0" conditionals="0" coveredconditionals="0" methods="0" coveredmethods="0"/>
      <file name="cepInfo.d.ts" path="/home/luisfilipefa/Desktop/viacep-eureka-frontend/src/@types/cepInfo.d.ts">
        <metrics statements="0" coveredstatements="0" conditionals="0" coveredconditionals="0" methods="0" coveredmethods="0"/>
      </file>
    </package>
    <package name="components.Form">
      <metrics statements="2" coveredstatements="2" conditionals="6" coveredconditionals="6" methods="1" coveredmethods="1"/>
      <file name="index.tsx" path="/home/luisfilipefa/Desktop/viacep-eureka-frontend/src/components/Form/index.tsx">
        <metrics statements="2" coveredstatements="2" conditionals="6" coveredconditionals="6" methods="1" coveredmethods="1"/>
        <line num="15" count="5" type="stmt"/>
        <line num="17" count="5" type="stmt"/>
      </file>
    </package>
    <package name="components.cepInfoItem">
      <metrics statements="2" coveredstatements="2" conditionals="12" coveredconditionals="6" methods="1" coveredmethods="1"/>
      <file name="index.tsx" path="/home/luisfilipefa/Desktop/viacep-eureka-frontend/src/components/cepInfoItem/index.tsx">
        <metrics statements="2" coveredstatements="2" conditionals="12" coveredconditionals="6" methods="1" coveredmethods="1"/>
        <line num="5" count="2" type="stmt"/>
        <line num="7" count="2" type="stmt"/>
      </file>
    </package>
    <package name="contexts">
      <metrics statements="19" coveredstatements="4" conditionals="0" coveredconditionals="0" methods="5" coveredmethods="1"/>
      <file name="CepInfoContext.tsx" path="/home/luisfilipefa/Desktop/viacep-eureka-frontend/src/contexts/CepInfoContext.tsx">
        <metrics statements="3" coveredstatements="3" conditionals="0" coveredconditionals="0" methods="1" coveredmethods="1"/>
        <line num="20" count="3" type="stmt"/>
        <line num="23" count="7" type="stmt"/>
        <line num="25" count="7" type="stmt"/>
      </file>
      <file name="FormContext.tsx" path="/home/luisfilipefa/Desktop/viacep-eureka-frontend/src/contexts/FormContext.tsx">
        <metrics statements="16" coveredstatements="1" conditionals="0" coveredconditionals="0" methods="4" coveredmethods="0"/>
        <line num="20" count="1" type="stmt"/>
        <line num="24" count="0" type="stmt"/>
        <line num="31" count="0" type="stmt"/>
        <line num="33" count="0" type="stmt"/>
        <line num="38" count="0" type="stmt"/>
        <line num="39" count="0" type="stmt"/>
        <line num="41" count="0" type="stmt"/>
        <line num="43" count="0" type="stmt"/>
        <line num="44" count="0" type="stmt"/>
        <line num="48" count="0" type="stmt"/>
        <line num="49" count="0" type="stmt"/>
        <line num="50" count="0" type="stmt"/>
        <line num="51" count="0" type="stmt"/>
        <line num="55" count="0" type="stmt"/>
        <line num="56" count="0" type="stmt"/>
        <line num="59" count="0" type="stmt"/>
      </file>
    </package>
    <package name="hooks">
      <metrics statements="2" coveredstatements="2" conditionals="0" coveredconditionals="0" methods="2" coveredmethods="1"/>
      <file name="useCepInfo.ts" path="/home/luisfilipefa/Desktop/viacep-eureka-frontend/src/hooks/useCepInfo.ts">
        <metrics statements="1" coveredstatements="1" conditionals="0" coveredconditionals="0" methods="1" coveredmethods="0"/>
        <line num="5" count="2" type="stmt"/>
      </file>
      <file name="useForm.ts" path="/home/luisfilipefa/Desktop/viacep-eureka-frontend/src/hooks/useForm.ts">
        <metrics statements="1" coveredstatements="1" conditionals="0" coveredconditionals="0" methods="1" coveredmethods="1"/>
        <line num="4" count="5" type="stmt"/>
      </file>
    </package>
    <package name="pages">
      <metrics statements="2" coveredstatements="0" conditionals="0" coveredconditionals="0" methods="2" coveredmethods="0"/>
      <file name="_app.tsx" path="/home/luisfilipefa/Desktop/viacep-eureka-frontend/src/pages/_app.tsx">
        <metrics statements="1" coveredstatements="0" conditionals="0" coveredconditionals="0" methods="1" coveredmethods="0"/>
        <line num="6" count="0" type="stmt"/>
      </file>
      <file name="index.tsx" path="/home/luisfilipefa/Desktop/viacep-eureka-frontend/src/pages/index.tsx">
        <metrics statements="1" coveredstatements="0" conditionals="0" coveredconditionals="0" methods="1" coveredmethods="0"/>
        <line num="7" count="0" type="stmt"/>
      </file>
    </package>
    <package name="services">
      <metrics statements="1" coveredstatements="1" conditionals="2" coveredconditionals="2" methods="0" coveredmethods="0"/>
      <file name="api.ts" path="/home/luisfilipefa/Desktop/viacep-eureka-frontend/src/services/api.ts">
        <metrics statements="1" coveredstatements="1" conditionals="2" coveredconditionals="2" methods="0" coveredmethods="0"/>
        <line num="4" count="1" type="stmt"/>
      </file>
    </package>
  </project>
</coverage>
