{"/home/luisfilipefa/Desktop/viacep-eureka-frontend/src/@types/cepInfo.d.ts": {"path":"/home/luisfilipefa/Desktop/viacep-eureka-frontend/src/@types/cepInfo.d.ts","statementMap":{},"fnMap":{},"branchMap":{},"s":{},"f":{},"b":{}}
,"/home/luisfilipefa/Desktop/viacep-eureka-frontend/src/components/Form/index.tsx": {"path":"/home/luisfilipefa/Desktop/viacep-eureka-frontend/src/components/Form/index.tsx","statementMap":{"0":{"start":{"line":15,"column":6},"end":{"line":15,"column":15}},"1":{"start":{"line":17,"column":2},"end":{"line":39,"column":4}}},"fnMap":{"0":{"name":"Form","decl":{"start":{"line":6,"column":24},"end":{"line":6,"column":28}},"loc":{"start":{"line":6,"column":31},"end":{"line":40,"column":1}},"line":6}},"branchMap":{"0":{"loc":{"start":{"line":29,"column":7},"end":{"line":34,"column":7}},"type":"binary-expr","locations":[{"start":{"line":29,"column":7},"end":{"line":29,"column":17}},{"start":{"line":30,"column":8},"end":{"line":33,"column":12}}],"line":29},"1":{"loc":{"start":{"line":31,"column":31},"end":{"line":31,"column":78}},"type":"cond-expr","locations":[{"start":{"line":31,"column":59},"end":{"line":31,"column":67}},{"start":{"line":31,"column":70},"end":{"line":31,"column":78}}],"line":31},"2":{"loc":{"start":{"line":36,"column":9},"end":{"line":36,"column":69}},"type":"cond-expr","locations":[{"start":{"line":36,"column":24},"end":{"line":36,"column":58}},{"start":{"line":36,"column":61},"end":{"line":36,"column":69}}],"line":36}},"s":{"0":5,"1":5},"f":{"0":5},"b":{"0":[5,5],"1":[1,4],"2":[1,4]},"_coverageSchema":"1a1c01bbd47fc00a2c39e90264f33305004495a9","hash":"a5523ee5f3ae8e9cc007331086d0671865da1b43"}
,"/home/luisfilipefa/Desktop/viacep-eureka-frontend/src/components/cepInfoItem/index.tsx": {"path":"/home/luisfilipefa/Desktop/viacep-eureka-frontend/src/components/cepInfoItem/index.tsx","statementMap":{"0":{"start":{"line":5,"column":22},"end":{"line":5,"column":34}},"1":{"start":{"line":7,"column":2},"end":{"line":38,"column":4}}},"fnMap":{"0":{"name":"CepInfoItem","decl":{"start":{"line":4,"column":24},"end":{"line":4,"column":35}},"loc":{"start":{"line":4,"column":38},"end":{"line":39,"column":1}},"line":4}},"branchMap":{"0":{"loc":{"start":{"line":9,"column":7},"end":{"line":36,"column":7}},"type":"cond-expr","locations":[{"start":{"line":10,"column":8},"end":{"line":10,"column":10}},{"start":{"line":11,"column":10},"end":{"line":36,"column":7}}],"line":9},"1":{"loc":{"start":{"line":11,"column":10},"end":{"line":36,"column":7}},"type":"cond-expr","locations":[{"start":{"line":12,"column":8},"end":{"line":14,"column":14}},{"start":{"line":16,"column":8},"end":{"line":35,"column":14}}],"line":11},"2":{"loc":{"start":{"line":20,"column":34},"end":{"line":20,"column":66}},"type":"binary-expr","locations":[{"start":{"line":20,"column":34},"end":{"line":20,"column":44}},{"start":{"line":20,"column":48},"end":{"line":20,"column":66}}],"line":20},"3":{"loc":{"start":{"line":22,"column":11},"end":{"line":28,"column":11}},"type":"binary-expr","locations":[{"start":{"line":22,"column":11},"end":{"line":22,"column":29}},{"start":{"line":23,"column":12},"end":{"line":27,"column":16}}],"line":22},"4":{"loc":{"start":{"line":26,"column":15},"end":{"line":26,"column":65}},"type":"binary-expr","locations":[{"start":{"line":26,"column":15},"end":{"line":26,"column":34}},{"start":{"line":26,"column":38},"end":{"line":26,"column":65}}],"line":26},"5":{"loc":{"start":{"line":29,"column":11},"end":{"line":34,"column":11}},"type":"binary-expr","locations":[{"start":{"line":29,"column":11},"end":{"line":29,"column":25}},{"start":{"line":30,"column":12},"end":{"line":33,"column":16}}],"line":29}},"s":{"0":2,"1":2},"f":{"0":2},"b":{"0":[0,2],"1":[1,1],"2":[1,0],"3":[1,0],"4":[0,0],"5":[1,0]},"_coverageSchema":"1a1c01bbd47fc00a2c39e90264f33305004495a9","hash":"72d6e6d9372ae457b15aac17cbb242a4335c4c2f"}
,"/home/luisfilipefa/Desktop/viacep-eureka-frontend/src/contexts/CepInfoContext.tsx": {"path":"/home/luisfilipefa/Desktop/viacep-eureka-frontend/src/contexts/CepInfoContext.tsx","statementMap":{"0":{"start":{"line":20,"column":30},"end":{"line":20,"column":69}},"1":{"start":{"line":23,"column":32},"end":{"line":23,"column":58}},"2":{"start":{"line":25,"column":2},"end":{"line":29,"column":4}}},"fnMap":{"0":{"name":"CepInfoProvider","decl":{"start":{"line":22,"column":16},"end":{"line":22,"column":31}},"loc":{"start":{"line":22,"column":68},"end":{"line":30,"column":1}},"line":22}},"branchMap":{},"s":{"0":3,"1":7,"2":7},"f":{"0":7},"b":{},"_coverageSchema":"1a1c01bbd47fc00a2c39e90264f33305004495a9","hash":"2e657f9c71721a539099c7a7d2d280b918e80a99"}
,"/home/luisfilipefa/Desktop/viacep-eureka-frontend/src/contexts/FormContext.tsx": {"path":"/home/luisfilipefa/Desktop/viacep-eureka-frontend/src/contexts/FormContext.tsx","statementMap":{"0":{"start":{"line":20,"column":27},"end":{"line":20,"column":63}},"1":{"start":{"line":24,"column":22},"end":{"line":26,"column":4}},"2":{"start":{"line":31,"column":15},"end":{"line":31,"column":62}},"3":{"start":{"line":33,"column":25},"end":{"line":33,"column":37}},"4":{"start":{"line":38,"column":19},"end":{"line":45,"column":3}},"5":{"start":{"line":39,"column":21},"end":{"line":39,"column":56}},"6":{"start":{"line":41,"column":4},"end":{"line":41,"column":29}},"7":{"start":{"line":43,"column":4},"end":{"line":43,"column":29}},"8":{"start":{"line":44,"column":4},"end":{"line":44,"column":25}},"9":{"start":{"line":48,"column":28},"end":{"line":52,"column":3}},"10":{"start":{"line":49,"column":4},"end":{"line":49,"column":29}},"11":{"start":{"line":50,"column":4},"end":{"line":50,"column":25}},"12":{"start":{"line":51,"column":4},"end":{"line":51,"column":21}},"13":{"start":{"line":55,"column":2},"end":{"line":57,"column":9}},"14":{"start":{"line":56,"column":4},"end":{"line":56,"column":24}},"15":{"start":{"line":59,"column":2},"end":{"line":69,"column":4}}},"fnMap":{"0":{"name":"FormProvider","decl":{"start":{"line":22,"column":16},"end":{"line":22,"column":28}},"loc":{"start":{"line":22,"column":62},"end":{"line":70,"column":1}},"line":22},"1":{"name":"(anonymous_1)","decl":{"start":{"line":38,"column":19},"end":{"line":38,"column":20}},"loc":{"start":{"line":38,"column":54},"end":{"line":45,"column":3}},"line":38},"2":{"name":"(anonymous_2)","decl":{"start":{"line":48,"column":28},"end":{"line":48,"column":29}},"loc":{"start":{"line":48,"column":34},"end":{"line":52,"column":3}},"line":48},"3":{"name":"(anonymous_3)","decl":{"start":{"line":55,"column":12},"end":{"line":55,"column":13}},"loc":{"start":{"line":55,"column":18},"end":{"line":57,"column":3}},"line":55}},"branchMap":{},"s":{"0":1,"1":0,"2":0,"3":0,"4":0,"5":0,"6":0,"7":0,"8":0,"9":0,"10":0,"11":0,"12":0,"13":0,"14":0,"15":0},"f":{"0":0,"1":0,"2":0,"3":0},"b":{},"_coverageSchema":"1a1c01bbd47fc00a2c39e90264f33305004495a9","hash":"ab77a50d737c15002abe833eab1cdca37f62262c"}
,"/home/luisfilipefa/Desktop/viacep-eureka-frontend/src/hooks/useCepInfo.ts": {"path":"/home/luisfilipefa/Desktop/viacep-eureka-frontend/src/hooks/useCepInfo.ts","statementMap":{"0":{"start":{"line":5,"column":26},"end":{"line":5,"column":58}},"1":{"start":{"line":5,"column":32},"end":{"line":5,"column":58}}},"fnMap":{"0":{"name":"(anonymous_0)","decl":{"start":{"line":5,"column":26},"end":{"line":5,"column":27}},"loc":{"start":{"line":5,"column":32},"end":{"line":5,"column":58}},"line":5}},"branchMap":{},"s":{"0":2,"1":0},"f":{"0":0},"b":{},"_coverageSchema":"1a1c01bbd47fc00a2c39e90264f33305004495a9","hash":"81baf99cf469b93f952b056e5417803033746f5e"}
,"/home/luisfilipefa/Desktop/viacep-eureka-frontend/src/hooks/useForm.ts": {"path":"/home/luisfilipefa/Desktop/viacep-eureka-frontend/src/hooks/useForm.ts","statementMap":{"0":{"start":{"line":4,"column":23},"end":{"line":4,"column":52}},"1":{"start":{"line":4,"column":29},"end":{"line":4,"column":52}}},"fnMap":{"0":{"name":"(anonymous_0)","decl":{"start":{"line":4,"column":23},"end":{"line":4,"column":24}},"loc":{"start":{"line":4,"column":29},"end":{"line":4,"column":52}},"line":4}},"branchMap":{},"s":{"0":1,"1":5},"f":{"0":5},"b":{},"_coverageSchema":"1a1c01bbd47fc00a2c39e90264f33305004495a9","hash":"cc999a0a809f643c868cdfcb19f3bb6bbd7310e4"}
,"/home/luisfilipefa/Desktop/viacep-eureka-frontend/src/pages/_app.tsx": {"path":"/home/luisfilipefa/Desktop/viacep-eureka-frontend/src/pages/_app.tsx","statementMap":{"0":{"start":{"line":6,"column":2},"end":{"line":10,"column":4}}},"fnMap":{"0":{"name":"MyApp","decl":{"start":{"line":5,"column":24},"end":{"line":5,"column":29}},"loc":{"start":{"line":5,"column":56},"end":{"line":11,"column":1}},"line":5}},"branchMap":{},"s":{"0":0},"f":{"0":0},"b":{}}
,"/home/luisfilipefa/Desktop/viacep-eureka-frontend/src/pages/index.tsx": {"path":"/home/luisfilipefa/Desktop/viacep-eureka-frontend/src/pages/index.tsx","statementMap":{"0":{"start":{"line":7,"column":2},"end":{"line":21,"column":4}}},"fnMap":{"0":{"name":"Home","decl":{"start":{"line":6,"column":24},"end":{"line":6,"column":28}},"loc":{"start":{"line":6,"column":31},"end":{"line":22,"column":1}},"line":6}},"branchMap":{},"s":{"0":0},"f":{"0":0},"b":{}}
,"/home/luisfilipefa/Desktop/viacep-eureka-frontend/src/services/api.ts": {"path":"/home/luisfilipefa/Desktop/viacep-eureka-frontend/src/services/api.ts","statementMap":{"0":{"start":{"line":4,"column":19},"end":{"line":6,"column":2}}},"fnMap":{},"branchMap":{"0":{"loc":{"start":{"line":5,"column":11},"end":{"line":5,"column":73}},"type":"binary-expr","locations":[{"start":{"line":5,"column":11},"end":{"line":5,"column":42}},{"start":{"line":5,"column":46},"end":{"line":5,"column":73}}],"line":5}},"s":{"0":1},"f":{},"b":{"0":[1,1]},"_coverageSchema":"1a1c01bbd47fc00a2c39e90264f33305004495a9","hash":"8efe77cfb2051fe03db36d76b18e3403c06d1906"}
}
