TN:
SF:src/@types/cepInfo.d.ts
FNF:0
FNH:0
LF:0
LH:0
BRF:0
BRH:0
end_of_record
TN:
SF:src/components/Form/index.tsx
FN:6,Form
FNF:1
FNH:1
FNDA:5,Form
DA:15,5
DA:17,5
LF:2
LH:2
BRDA:29,0,0,5
BRDA:29,0,1,5
BRDA:31,1,0,1
BRDA:31,1,1,4
BRDA:36,2,0,1
BRDA:36,2,1,4
BRF:6
BRH:6
end_of_record
TN:
SF:src/components/cepInfoItem/index.tsx
FN:4,CepInfoItem
FNF:1
FNH:1
FNDA:2,CepInfoItem
DA:5,2
DA:7,2
LF:2
LH:2
BRDA:9,0,0,0
BRDA:9,0,1,2
BRDA:11,1,0,1
BRDA:11,1,1,1
BRDA:20,2,0,1
BRDA:20,2,1,0
BRDA:22,3,0,1
BRDA:22,3,1,0
BRDA:26,4,0,0
BRDA:26,4,1,0
BRDA:29,5,0,1
BRDA:29,5,1,0
BRF:12
BRH:6
end_of_record
TN:
SF:src/contexts/CepInfoContext.tsx
FN:22,CepInfoProvider
FNF:1
FNH:1
FNDA:7,CepInfoProvider
DA:20,3
DA:23,7
DA:25,7
LF:3
LH:3
BRF:0
BRH:0
end_of_record
TN:
SF:src/contexts/FormContext.tsx
FN:22,FormProvider
FN:38,(anonymous_1)
FN:48,(anonymous_2)
FN:55,(anonymous_3)
FNF:4
FNH:0
FNDA:0,FormProvider
FNDA:0,(anonymous_1)
FNDA:0,(anonymous_2)
FNDA:0,(anonymous_3)
DA:20,1
DA:24,0
DA:31,0
DA:33,0
DA:38,0
DA:39,0
DA:41,0
DA:43,0
DA:44,0
DA:48,0
DA:49,0
DA:50,0
DA:51,0
DA:55,0
DA:56,0
DA:59,0
LF:16
LH:1
BRF:0
BRH:0
end_of_record
TN:
SF:src/hooks/useCepInfo.ts
FN:5,(anonymous_0)
FNF:1
FNH:0
FNDA:0,(anonymous_0)
DA:5,2
LF:1
LH:1
BRF:0
BRH:0
end_of_record
TN:
SF:src/hooks/useForm.ts
FN:4,(anonymous_0)
FNF:1
FNH:1
FNDA:5,(anonymous_0)
DA:4,5
LF:1
LH:1
BRF:0
BRH:0
end_of_record
TN:
SF:src/pages/_app.tsx
FN:5,MyApp
FNF:1
FNH:0
FNDA:0,MyApp
DA:6,0
LF:1
LH:0
BRF:0
BRH:0
end_of_record
TN:
SF:src/pages/index.tsx
FN:6,Home
FNF:1
FNH:0
FNDA:0,Home
DA:7,0
LF:1
LH:0
BRF:0
BRH:0
end_of_record
TN:
SF:src/services/api.ts
FNF:0
FNH:0
DA:4,1
LF:1
LH:1
BRDA:5,0,0,1
BRDA:5,0,1,1
BRF:2
BRH:2
end_of_record
